<?xml version="1.0" encoding="UTF-8"?>
<Site BuildName="(empty)"
	BuildStamp="20210825-2331-Experimental"
	Name="(empty)"
	Generator="ctest-3.10.2"
	CompilerName=""
	CompilerVersion=""
	OSName="Linux"
	Hostname="EthansSurface"
	OSRelease="4.4.0-22000-Microsoft"
	OSVersion="#1-Microsoft Fri Jun 04 16:28:00 PST 2021"
	OSPlatform="x86_64"
	Is64Bits="1"
	VendorString="GenuineIntel"
	VendorID="Intel Corporation"
	FamilyID="6"
	ModelID="126"
	ProcessorCacheSize="512"
	NumberOfLogicalCPU="8"
	NumberOfPhysicalCPU="4"
	TotalVirtualMemory="23552"
	TotalPhysicalMemory="7778"
	LogicalProcessorsPerPhysical="2"
	ProcessorClockFrequency="1498"
	>
	<Testing>
		<StartDateTime>Aug 25 19:31 EDT</StartDateTime>
		<StartTestTime>1629934314</StartTestTime>
		<TestList/>
		<EndDateTime>Aug 25 19:31 EDT</EndDateTime>
		<EndTestTime>1629934314</EndTestTime>
		<ElapsedMinutes>0</ElapsedMinutes>
	</Testing>
</Site>
